<?xml version="1.0" encoding="UTF-8"?>
<testsuite name="jp.ac.uryukyu.ie.e215737.EnemyTest" tests="1" skipped="0" failures="0" errors="0" timestamp="2021-12-12T06:20:34" hostname="MacBook-Air-2021.local" time="0.014">
  <properties/>
  <testcase name="attackTest()" classname="jp.ac.uryukyu.ie.e215737.EnemyTest" time="0.014"/>
  <system-out><![CDATA[デモ勇者のHPは100。攻撃力は100です。
スライムもどきのHPは10。攻撃力は100です。
デモ勇者の攻撃！スライムもどきに75のダメージを与えた！！
モンスタースライムもどきは倒れた。
]]></system-out>
  <system-err><![CDATA[]]></system-err>
</testsuite>
