<?xml version="1.0" encoding="UTF-8"?>
<testsuite name="jp.ac.uryukyu.ie.e215737.WarriorTest" tests="1" skipped="0" failures="0" errors="0" timestamp="2021-12-12T06:20:34" hostname="MacBook-Air-2021.local" time="0.008">
  <properties/>
  <testcase name="attackTest()" classname="jp.ac.uryukyu.ie.e215737.WarriorTest" time="0.008"/>
  <system-out><![CDATA[デモ戦士のHPは100。攻撃力は100です。
スライムもどきのHPは450。攻撃力は3です。
デモ戦士の攻撃！ウェポンスキルを発動！スライムもどきに150のダメージを与えた！！
デモ戦士の攻撃！ウェポンスキルを発動！スライムもどきに150のダメージを与えた！！
デモ戦士の攻撃！ウェポンスキルを発動！スライムもどきに150のダメージを与えた！！
モンスタースライムもどきは倒れた。
]]></system-out>
  <system-err><![CDATA[]]></system-err>
</testsuite>
